<?xml version="1.0" encoding="UTF-8"?>
<!-- Generated by org.testng.reporters.JUnitXMLReporter -->
<testsuite ignored="0" hostname="Amits-MacBook-Air.local" failures="0" tests="8" name="Test" time="12.38" errors="0" timestamp="2024-02-20T00:04:23 IST">
  <testcase classname="api.test.UserTests" name="login" time="2.604"/>
  <testcase classname="api.test.UserTests" name="getUserDetails" time="1.56"/>
  <testcase classname="api.test.UserTests" name="updateUserDetails" time="0.811"/>
  <testcase classname="api.test.UserTests" name="setLanguage" time="0.687"/>
  <testcase classname="api.test.UserTests" name="getFollowers" time="1.583"/>
  <testcase classname="api.test.UserTests" name="getFollowing" time="1.44"/>
  <testcase classname="api.test.UserTests" name="unfollowUser" time="2.274"/>
  <testcase classname="api.test.UserTests" name="followUser" time="1.168"/>
</testsuite> <!-- Test -->
