<?xml version="1.0" encoding="UTF-8"?>
<testng-results ignored="0" total="1" passed="1" failed="0" skipped="0">
  <reporter-output>
  </reporter-output>
  <suite started-at="2024-03-20T16:33:10 IST" name="Default suite" finished-at="2024-03-20T16:33:16 IST" duration-ms="6787">
    <groups>
    </groups>
    <test started-at="2024-03-20T16:33:10 IST" name="Default test" finished-at="2024-03-20T16:33:16 IST" duration-ms="6787">
      <class name="api.test.ProductTest">
        <test-method is-config="true" signature="setupData()[pri:0, instance:api.test.ProductTest@196a42c3]" started-at="2024-03-20T16:33:10 IST" name="setupData" finished-at="2024-03-20T16:33:10 IST" duration-ms="15" status="PASS">
          <reporter-output>
          </reporter-output>
        </test-method> <!-- setupData -->
        <test-method signature="addProduct(java.util.HashMap)[pri:1, instance:api.test.ProductTest@196a42c3]" started-at="2024-03-20T16:33:10 IST" name="addProduct" data-provider="getData" finished-at="2024-03-20T16:33:16 IST" duration-ms="6442" status="PASS">
          <params>
            <param index="0">
              <value>
                <![CDATA[{zipCode=2061, country=Norway, city=Oslo, latitude=77.4126, description=The Mahindra Thar has 2 Diesel Engine and 1 Petrol Engine on offer. The Diesel engine is 2184 cc and 1497 cc while the Petrol engine is 1997 cc . It is available with Automatic & Manual transmission.Depending upon the variant and fuel type the Thar has a mileage of 15.2 kmpl & Ground clearance of Thar is 226 mm. The Thar is a 4 seater 4 cylinder car and has length of 3985 mm, width of 1820 mm and a wheelbase of 2450 mm., lon=234.33, title=Thar Ymir, street_name=Oslo, zip_code=2061, cover=/src//test//resources//productImage01.webp, file=/Users/amit/Desktop/My_Folder/YMIR/Projects/Swopper/image.png, -------------------------------------=USER GET FORM-DATA, price=500, lan=32.22, longitude=23.2599, ---------------------------------------=PRODUCT POST Add product, preferedSubCategories1=5, preferedSubCategories0=2, streetNumber=6 A, Product_city=Oslo, swopDescription=The convertible top adds a fun, open air element to the driving experience. While not as refined as some urban SUVs, the Thars charm lies in its ability to conquer challenging terrains with ease. , quality=New, Product_street_name=6 A, street_number=6, images02=/src//test//resources//productImage03.webp, Product_country=Norway, phone_number=7010885, images01=/src//test//resources//productImage02.webp, setLang=en, age=New}]]>
              </value>
            </param>
          </params>
          <reporter-output>
          </reporter-output>
        </test-method> <!-- addProduct -->
      </class> <!-- api.test.ProductTest -->
    </test> <!-- Default test -->
  </suite> <!-- Default suite -->
</testng-results>
